<?xml version="1.0" encoding="UTF-8"?>
<!-- Generated by org.testng.reporters.JUnitReportReporter -->
<testsuite hostname="qa-pc58" failures="0" tests="1" name="practise.ChildClass1" time="0.021" errors="0" timestamp="2023-09-03T12:54:41 IST" skipped="0">
  <testcase classname="practise.ChildClass1" name="testRun" time="0.021"/>
</testsuite> <!-- practise.ChildClass1 -->
