<?xml version="1.0" encoding="UTF-8"?>
<!-- Generated by org.testng.reporters.JUnitReportReporter -->
<testsuite hostname="qa-pc58" failures="0" tests="2" name="practise.tests.SODataProviderJsonFileTest" time="46.958" errors="0" timestamp="23 Sep 2023 07:05:09 GMT" skipped="0">
  <testcase classname="practise.tests.SODataProviderJsonFileTest" name="submitOrder" time="26.813"/>
  <testcase classname="practise.tests.SODataProviderJsonFileTest" name="submitOrder" time="20.145"/>
</testsuite> <!-- practise.tests.SODataProviderJsonFileTest -->
