<?xml version="1.0" encoding="UTF-8"?>
<!-- Generated by org.testng.reporters.JUnitReportReporter -->
<testsuite hostname="qa-pc58" failures="0" tests="2" name="practise.tests.SODataProviderHashMapTest" time="29.609" errors="0" timestamp="23 Sep 2023 07:05:09 GMT" skipped="0">
  <testcase classname="practise.tests.SODataProviderHashMapTest" name="submitOrder" time="16.518"/>
  <testcase classname="practise.tests.SODataProviderHashMapTest" name="submitOrder" time="13.091"/>
</testsuite> <!-- practise.tests.SODataProviderHashMapTest -->
