<?xml version="1.0" encoding="UTF-8"?>
<!-- Generated by org.testng.reporters.JUnitReportReporter -->
<testsuite hostname="qa-pc58" failures="0" tests="2" name="practise.tests.SubmitOrderTest" time="31.703" errors="0" timestamp="23 Sep 2023 07:05:09 GMT" skipped="0">
  <testcase classname="practise.tests.SubmitOrderTest" name="submitOrder" time="21.406"/>
  <testcase classname="practise.tests.SubmitOrderTest" name="OrderHistoryTest" time="10.297"/>
</testsuite> <!-- practise.tests.SubmitOrderTest -->
