<?xml version="1.0" encoding="UTF-8"?>
<!-- Generated by org.testng.reporters.JUnitReportReporter -->
<testsuite hostname="qa-pc58" failures="0" tests="2" name="practise.tests.SubmitOrderDataProviderTest" time="60.088" errors="0" timestamp="23 Sep 2023 07:05:09 GMT" skipped="0">
  <testcase classname="practise.tests.SubmitOrderDataProviderTest" name="submitOrder" time="17.383"/>
  <testcase classname="practise.tests.SubmitOrderDataProviderTest" name="submitOrder" time="42.705"/>
</testsuite> <!-- practise.tests.SubmitOrderDataProviderTest -->
