<?xml version="1.0" encoding="UTF-8"?>
<!-- Generated by org.testng.reporters.JUnitReportReporter -->
<testsuite hostname="qa-pc58" failures="0" tests="1" name="practise.day2" time="0.002" errors="0" timestamp="2023-09-03T00:23:26 IST" skipped="0">
  <testcase classname="practise.day2" name="ploan" time="0.002"/>
</testsuite> <!-- practise.day2 -->
