<?xml version="1.0" encoding="UTF-8"?>
<!-- Generated by org.testng.reporters.JUnitReportReporter -->
<testsuite hostname="qa-pc58" failures="0" tests="5" name="practise.day3" time="0.008" errors="0" timestamp="2023-09-03T00:23:26 IST" skipped="0">
  <testcase classname="practise.day3" name="mobileLoginHomeLoan" time="0.001"/>
  <testcase classname="practise.day3" name="mobileSignoutHomeLoan" time="0.002"/>
  <testcase classname="practise.day3" name="APILoginHomeLoan" time="0.002"/>
  <testcase classname="practise.day3" name="WebLoginHomeLoan" time="0.001"/>
  <testcase classname="practise.day3" name="mobileSignInHomeLoan" time="0.002"/>
</testsuite> <!-- practise.day3 -->
