<?xml version="1.0" encoding="UTF-8"?>
<!-- Generated by org.testng.reporters.JUnitReportReporter -->
<testsuite hostname="qa-pc58" failures="0" tests="5" name="practise.day5" time="0.014" errors="0" timestamp="2023-09-02T23:07:11 IST" skipped="0">
  <testcase classname="practise.day5" name="webLoginJewelleryLoan" time="0.001"/>
  <testcase classname="practise.day5" name="apiLoginJewelleryLoan" time="0.009"/>
  <testcase classname="practise.day5" name="mobileLoginJewelleryLoan" time="0.001"/>
  <testcase classname="practise.day5" name="webLoginJewelleryLoan" time="0.001"/>
  <testcase classname="practise.day5" name="webLoginJewelleryLoan" time="0.002"/>
</testsuite> <!-- practise.day5 -->
