<?xml version="1.0" encoding="UTF-8"?>
<!-- Generated by org.testng.reporters.JUnitReportReporter -->
<testsuite hostname="qa-pc58" failures="0" tests="3" name="practise.day4" time="0.021" errors="0" timestamp="2023-09-03T00:23:26 IST" skipped="1">
  <testcase classname="practise.day4" name="apiLoginCarLoan" time="0.006"/>
  <testcase classname="practise.day4" name="webLoginCarLoan" time="0.015"/>
  <testcase classname="practise.day4" name="mobileSigoutCarLoan">
    <skipped/>
  </testcase> <!-- mobileSigoutCarLoan -->
</testsuite> <!-- practise.day4 -->
