<?xml version="1.0" encoding="UTF-8"?>
<!-- Generated by org.testng.reporters.JUnitReportReporter -->
<testsuite hostname="qa-pc58" failures="0" tests="2" name="practise.tests.SODataProviderJsonFileTest" time="31.181" errors="0" timestamp="17 Sep 2023 09:13:25 GMT" skipped="0">
  <testcase classname="practise.tests.SODataProviderJsonFileTest" name="submitOrder" time="17.107"/>
  <testcase classname="practise.tests.SODataProviderJsonFileTest" name="submitOrder" time="14.074"/>
</testsuite> <!-- practise.tests.SODataProviderJsonFileTest -->
