<?xml version="1.0" encoding="UTF-8"?>
<!-- Generated by org.testng.reporters.JUnitReportReporter -->
<testsuite hostname="qa-pc58" failures="0" tests="1" name="practiselist" time="0.018" errors="0" timestamp="2023-08-06T14:47:05 IST" skipped="0">
  <testcase classname="practiselist" name="collectStream" time="0.018"/>
</testsuite> <!-- practiselist -->
