<?xml version="1.0" encoding="UTF-8"?>
<!-- Generated by org.testng.reporters.JUnitReportReporter -->
<testsuite hostname="qa-pc58" failures="0" tests="2" name="practise.tests.SubmitOrderTest" time="13.984" errors="0" timestamp="20 Sep 2023 02:21:11 GMT" skipped="0">
  <testcase classname="practise.tests.SubmitOrderTest" name="submitOrder" time="8.839"/>
  <testcase classname="practise.tests.SubmitOrderTest" name="OrderHistoryTest" time="5.145"/>
</testsuite> <!-- practise.tests.SubmitOrderTest -->
