<?xml version="1.0" encoding="UTF-8"?>
<!-- Generated by org.testng.reporters.JUnitReportReporter -->
<testsuite hostname="qa-pc58" failures="0" tests="2" name="practise.tests.SODataProviderHashMapTest" time="53.497" errors="0" timestamp="20 Sep 2023 02:21:11 GMT" skipped="0">
  <testcase classname="practise.tests.SODataProviderHashMapTest" name="submitOrder" time="35.950"/>
  <testcase classname="practise.tests.SODataProviderHashMapTest" name="submitOrder" time="17.547"/>
</testsuite> <!-- practise.tests.SODataProviderHashMapTest -->
