<?xml version="1.0" encoding="UTF-8"?>
<!-- Generated by org.testng.reporters.JUnitReportReporter -->
<testsuite hostname="qa-pc58" failures="0" tests="2" name="practise.tests.SubmitOrderDataProviderTest" time="34.219" errors="0" timestamp="20 Sep 2023 02:21:11 GMT" skipped="0">
  <testcase classname="practise.tests.SubmitOrderDataProviderTest" name="submitOrder" time="16.473"/>
  <testcase classname="practise.tests.SubmitOrderDataProviderTest" name="submitOrder" time="17.746"/>
</testsuite> <!-- practise.tests.SubmitOrderDataProviderTest -->
