<?xml version="1.0" encoding="UTF-8"?>
<!-- Generated by org.testng.reporters.JUnitReportReporter -->
<testsuite hostname="qa-pc58" failures="0" tests="2" name="practise.tests.SODataProviderJsonFileTest" time="31.011" errors="0" timestamp="20 Sep 2023 02:21:11 GMT" skipped="0">
  <testcase classname="practise.tests.SODataProviderJsonFileTest" name="submitOrder" time="16.438"/>
  <testcase classname="practise.tests.SODataProviderJsonFileTest" name="submitOrder" time="14.573"/>
</testsuite> <!-- practise.tests.SODataProviderJsonFileTest -->
