<?xml version="1.0" encoding="UTF-8"?>
<!-- Generated by org.testng.reporters.JUnitReportReporter -->
<testsuite hostname="qa-pc58" failures="0" tests="2" name="practise.tests.SODataProviderHashMapTest" time="38.075" errors="0" timestamp="2023-09-10T23:38:09 IST" skipped="0">
  <testcase classname="practise.tests.SODataProviderHashMapTest" name="submitOrder" time="21.749"/>
  <testcase classname="practise.tests.SODataProviderHashMapTest" name="submitOrder" time="16.326"/>
</testsuite> <!-- practise.tests.SODataProviderHashMapTest -->
