<?xml version="1.0" encoding="UTF-8"?>
<!-- Generated by org.testng.reporters.JUnitReportReporter -->
<testsuite hostname="qa-pc58" failures="0" tests="1" name="practise.tests.Login2orderFlow" time="20.556" errors="0" timestamp="2023-09-10T11:20:51 IST" skipped="0">
  <testcase classname="practise.tests.Login2orderFlow" name="submitOrder" time="20.556"/>
</testsuite> <!-- practise.tests.Login2orderFlow -->
