<?xml version="1.0" encoding="UTF-8"?>
<!-- Generated by org.testng.reporters.JUnitReportReporter -->
<testsuite hostname="qa-pc58" failures="0" tests="2" name="practise.tests.SODataProviderJsonFileTest" time="31.951" errors="0" timestamp="2023-09-16T09:03:31 IST" skipped="0">
  <testcase classname="practise.tests.SODataProviderJsonFileTest" name="submitOrder" time="16.352"/>
  <testcase classname="practise.tests.SODataProviderJsonFileTest" name="submitOrder" time="15.599"/>
</testsuite> <!-- practise.tests.SODataProviderJsonFileTest -->
