<?xml version="1.0" encoding="UTF-8"?>
<!-- Generated by org.testng.reporters.JUnitReportReporter -->
<testsuite hostname="qa-pc58" failures="0" tests="1" name="practise.tests.ErrorValidations" time="9.618" errors="0" timestamp="2023-09-10T12:21:05 IST" skipped="0">
  <testcase classname="practise.tests.ErrorValidations" name="submitOrder" time="9.618"/>
</testsuite> <!-- practise.tests.ErrorValidations -->
