<?xml version="1.0" encoding="UTF-8"?>
<!-- Generated by org.testng.reporters.JUnitReportReporter -->
<testsuite hostname="qa-pc58" failures="0" tests="2" name="practise.tests.SubmitOrderTest" time="94.586" errors="0" timestamp="2023-09-20T07:29:17 IST" skipped="0">
  <testcase classname="practise.tests.SubmitOrderTest" name="submitOrder" time="18.090"/>
  <testcase classname="practise.tests.SubmitOrderTest" name="OrderHistoryTest" time="76.496"/>
</testsuite> <!-- practise.tests.SubmitOrderTest -->
