<?xml version="1.0" encoding="UTF-8"?>
<!-- Generated by org.testng.reporters.JUnitReportReporter -->
<testsuite hostname="qa-pc58" failures="0" tests="2" name="practise.tests.SubmitOrderDataProviderTest" time="77.349" errors="0" timestamp="2023-09-10T23:06:11 IST" skipped="0">
  <testcase classname="practise.tests.SubmitOrderDataProviderTest" name="submitOrder" time="62.009"/>
  <testcase classname="practise.tests.SubmitOrderDataProviderTest" name="submitOrder" time="15.340"/>
</testsuite> <!-- practise.tests.SubmitOrderDataProviderTest -->
