<?xml version="1.0" encoding="UTF-8"?>
<!-- Generated by org.testng.reporters.JUnitReportReporter -->
<testsuite hostname="qa-pc58" failures="0" tests="1" name="practise.cucumber.TestNGTestRunner" time="16.542" errors="0" timestamp="23 Sep 2023 06:22:12 GMT" skipped="0">
  <testcase classname="practise.cucumber.TestNGTestRunner" name="runScenario" time="16.542"/>
</testsuite> <!-- practise.cucumber.TestNGTestRunner -->
