<?xml version="1.0" encoding="UTF-8"?>
<!-- Generated by org.testng.reporters.JUnitReportReporter -->
<testsuite hostname="qa-pc58" failures="0" tests="1" name="practise.ExtentReports.ExtentRDemo" time="9.667" errors="0" timestamp="15 Sep 2023 03:17:40 GMT" skipped="0">
  <testcase classname="practise.ExtentReports.ExtentRDemo" name="initialDemo" time="9.667"/>
</testsuite> <!-- practise.ExtentReports.ExtentRDemo -->
